<?xml version="1.0" encoding="UTF-8"?>
<!-- Generated by org.testng.reporters.JUnitReportReporter -->
<testsuite hostname="DESKTOP-N3NJ75N" failures="0" tests="1" name="testcases.MyFirstTest" time="0.044" errors="0" timestamp="2024-06-07T00:25:49 IST" skipped="0">
  <testcase classname="testcases.MyFirstTest" name="LoginTest" time="0.044"/>
</testsuite> <!-- testcases.MyFirstTest -->
